{"statusCode":404,"message":"Bad request","level":"error"}
{"statusCode":404,"message":"Board not found","level":"error"}
{"statusCode":404,"message":"Bad request","level":"error"}
{"statusCode":404,"message":"Bad request","level":"error"}
{"statusCode":404,"message":"Bad request","level":"error"}
{"statusCode":404,"message":"Bad request","level":"error"}
{"statusCode":404,"message":"Bad request","level":"error"}
{"statusCode":404,"message":"Board not found","level":"error"}
{"statusCode":404,"message":"Bad request","level":"error"}
{"statusCode":404,"message":"Bad request","level":"error"}
{"statusCode":404,"message":"Bad request","level":"error"}
{"statusCode":404,"message":"Bad request","level":"error"}
{"statusCode":404,"message":"Bad request","level":"error"}
{"statusCode":404,"message":"Bad request","level":"error"}
{"statusCode":500,"message":"MongoParseError: Invalid connection string","level":"error"}
{"statusCode":500,"message":"MongoParseError: Invalid connection string","level":"error"}
{"statusCode":500,"message":"MongoParseError: Invalid connection string","level":"error"}
{"statusCode":500,"message":"MongoParseError: Invalid connection string","level":"error"}
{"statusCode":500,"message":"MongoParseError: Invalid connection string","level":"error"}
{"statusCode":500,"message":"cb is not a function","level":"error"}
{"statusCode":404,"message":"User not found","level":"error"}
{"statusCode":400,"message":"Bad request","level":"error"}
{"statusCode":400,"message":"Bad request","level":"error"}
{"statusCode":404,"message":"User not found","level":"error"}
{"statusCode":400,"message":"Bad request","level":"error"}
{"statusCode":400,"message":"Bad request","level":"error"}
{"statusCode":404,"message":"User not found","level":"error"}
{"statusCode":400,"message":"Bad request","level":"error"}
{"statusCode":400,"message":"Bad request","level":"error"}
{"statusCode":400,"message":"Bad request","level":"error"}
{"statusCode":400,"message":"Bad request","level":"error"}
{"statusCode":400,"message":"Bad request","level":"error"}
{"statusCode":400,"message":"Bad request","level":"error"}
{"statusCode":400,"message":"Bad request","level":"error"}
{"statusCode":404,"message":"User not found","level":"error"}
{"statusCode":400,"message":"Bad request","level":"error"}
{"statusCode":404,"message":"User not found","level":"error"}
{"statusCode":400,"message":"Bad request","level":"error"}
{"statusCode":400,"message":"Bad request","level":"error"}
{"statusCode":400,"message":"Bad request","level":"error"}
{"statusCode":400,"message":"Bad request","level":"error"}
{"statusCode":404,"message":"Board not found","level":"error"}
{"statusCode":404,"message":"Bad request","level":"error"}
{"statusCode":404,"message":"Bad request","level":"error"}
{"statusCode":404,"message":"Bad request","level":"error"}
{"statusCode":404,"message":"Bad request","level":"error"}
{"statusCode":404,"message":"Bad request","level":"error"}
{"statusCode":404,"message":"Bad request","level":"error"}
{"statusCode":404,"message":"Board not found","level":"error"}
{"statusCode":404,"message":"Bad request","level":"error"}
{"statusCode":404,"message":"Bad request","level":"error"}
{"statusCode":404,"message":"Bad request","level":"error"}
{"statusCode":404,"message":"Bad request","level":"error"}
{"statusCode":404,"message":"Bad request","level":"error"}
{"statusCode":404,"message":"Bad request","level":"error"}
{"statusCode":404,"message":"Bad request","level":"error"}
{"statusCode":404,"message":"Board not found","level":"error"}
{"statusCode":404,"message":"Bad request","level":"error"}
{"statusCode":404,"message":"Bad request","level":"error"}
{"statusCode":404,"message":"Bad request","level":"error"}
{"statusCode":404,"message":"Bad request","level":"error"}
{"statusCode":404,"message":"Bad request","level":"error"}
{"statusCode":404,"message":"Board not found","level":"error"}
{"statusCode":404,"message":"Bad request","level":"error"}
{"statusCode":404,"message":"Bad request","level":"error"}
{"statusCode":404,"message":"Bad request","level":"error"}
{"statusCode":404,"message":"Board not found","level":"error"}
{"statusCode":404,"message":"Bad request","level":"error"}
{"statusCode":404,"message":"Board not found","level":"error"}
{"level":"error","message":"undefined"}
{"level":"error","message":"undefined"}
{"level":"error","message":"undefined"}
{"level":"error","message":"undefined"}
{"level":"error","message":"undefined"}
{"statusCode":401,"message":"Access token is missing or invalid","level":"error"}
{"statusCode":401,"message":"Access token is missing or invalid","level":"error"}
{"message":"Cast to string failed for value \"{ boardId: '88be9cf1-f334-4fe1-ae98-96276ee4b2b2' }\" at path \"boardId\" for model \"Task\"","name":"CastError","stringValue":"\"{ boardId: '88be9cf1-f334-4fe1-ae98-96276ee4b2b2' }\"","value":{"boardId":"88be9cf1-f334-4fe1-ae98-96276ee4b2b2"},"path":"boardId","reason":null,"level":"error"}
{"message":"Cast to string failed for value \"{ boardId: '88be9cf1-f334-4fe1-ae98-96276ee4b2b2' }\" at path \"boardId\" for model \"Task\"","name":"CastError","stringValue":"\"{ boardId: '88be9cf1-f334-4fe1-ae98-96276ee4b2b2' }\"","value":{"boardId":"88be9cf1-f334-4fe1-ae98-96276ee4b2b2"},"path":"boardId","reason":null,"level":"error"}
{"message":"Cast to string failed for value \"{ boardId: '88be9cf1-f334-4fe1-ae98-96276ee4b2b2' }\" at path \"boardId\" for model \"Task\"","name":"CastError","stringValue":"\"{ boardId: '88be9cf1-f334-4fe1-ae98-96276ee4b2b2' }\"","value":{"boardId":"88be9cf1-f334-4fe1-ae98-96276ee4b2b2"},"path":"boardId","reason":null,"level":"error"}
{"message":"Cast to string failed for value \"{ boardId: '88be9cf1-f334-4fe1-ae98-96276ee4b2b2' }\" at path \"boardId\" for model \"Task\"","name":"CastError","stringValue":"\"{ boardId: '88be9cf1-f334-4fe1-ae98-96276ee4b2b2' }\"","value":{"boardId":"88be9cf1-f334-4fe1-ae98-96276ee4b2b2"},"path":"boardId","reason":null,"level":"error"}
{"message":"Cast to string failed for value \"{ boardId: '88be9cf1-f334-4fe1-ae98-96276ee4b2b2' }\" at path \"boardId\" for model \"Task\"","name":"CastError","stringValue":"\"{ boardId: '88be9cf1-f334-4fe1-ae98-96276ee4b2b2' }\"","value":{"boardId":"88be9cf1-f334-4fe1-ae98-96276ee4b2b2"},"path":"boardId","reason":null,"level":"error"}
{"statusCode":404,"message":"Bad request","level":"error"}
{"statusCode":400,"message":"Bad request","level":"error"}
{"statusCode":404,"message":"Bad request","level":"error"}
{"statusCode":404,"message":"Board not found","level":"error"}
{"level":"error","message":"undefined"}
{"statusCode":404,"message":"Bad request","level":"error"}
{"level":"error","message":"undefined"}
{"statusCode":404,"message":"Bad request","level":"error"}
{"statusCode":400,"message":"Bad request","level":"error"}
{"statusCode":404,"message":"Bad request","level":"error"}
{"statusCode":404,"message":"Bad request","level":"error"}
{"statusCode":404,"message":"Bad request","level":"error"}
{"level":"error","message":"undefined"}
{"statusCode":404,"message":"Bad request","level":"error"}
{"statusCode":404,"message":"Bad request","level":"error"}
{"statusCode":404,"message":"Bad request","level":"error"}
{"statusCode":404,"message":"Bad request","level":"error"}
{"statusCode":404,"message":"Bad request","level":"error"}
{"level":"error","message":"undefined"}
{"level":"error","message":"undefined"}
{"level":"error","message":"undefined"}
{"statusCode":400,"message":"Bad request","level":"error"}
{"statusCode":401,"message":"Access token is missing or invalid","level":"error"}
{"statusCode":401,"message":"Access token is missing or invalid","level":"error"}
{"level":"error","message":"undefined"}
{"level":"error","message":"undefined"}
{"statusCode":404,"message":"Board not found","level":"error"}
{"level":"error","message":"undefined"}
{"statusCode":400,"message":"Bad request","level":"error"}
{"level":"error","message":"undefined"}
{"statusCode":404,"message":"Bad request","level":"error"}
{"statusCode":404,"message":"Bad request","level":"error"}
{"statusCode":404,"message":"Bad request","level":"error"}
{"statusCode":404,"message":"Bad request","level":"error"}
{"level":"error","message":"undefined"}
{"statusCode":404,"message":"Bad request","level":"error"}
{"statusCode":404,"message":"Bad request","level":"error"}
{"statusCode":404,"message":"Bad request","level":"error"}
{"statusCode":404,"message":"Bad request","level":"error"}
{"statusCode":404,"message":"Bad request","level":"error"}
{"level":"error","message":"undefined"}
{"level":"error","message":"undefined"}
{"level":"error","message":"undefined"}
{"statusCode":401,"message":"Access token is missing or invalid","level":"error"}
{"level":"error","message":"undefined"}
{"statusCode":404,"message":"Board not found","level":"error"}
{"level":"error","message":"undefined"}
{"level":"error","message":"undefined"}
{"level":"error","message":"undefined"}
{"statusCode":404,"message":"Bad request","level":"error"}
{"statusCode":400,"message":"Bad request","level":"error"}
{"statusCode":404,"message":"Bad request","level":"error"}
{"statusCode":404,"message":"Bad request","level":"error"}
{"statusCode":404,"message":"Bad request","level":"error"}
{"level":"error","message":"undefined"}
{"statusCode":404,"message":"Bad request","level":"error"}
{"statusCode":404,"message":"Bad request","level":"error"}
{"statusCode":404,"message":"Bad request","level":"error"}
{"statusCode":404,"message":"Bad request","level":"error"}
{"statusCode":404,"message":"Bad request","level":"error"}
{"level":"error","message":"undefined"}
{"level":"error","message":"undefined"}
{"level":"error","message":"undefined"}
{"level":"error","message":"undefined"}
{"statusCode":404,"message":"Board not found","level":"error"}
{"statusCode":400,"message":"Bad request","level":"error"}
{"statusCode":404,"message":"Bad request","level":"error"}
{"statusCode":404,"message":"Bad request","level":"error"}
{"statusCode":404,"message":"Bad request","level":"error"}
{"statusCode":404,"message":"Bad request","level":"error"}
{"statusCode":404,"message":"Bad request","level":"error"}
{"statusCode":404,"message":"Bad request","level":"error"}
{"statusCode":404,"message":"Bad request","level":"error"}
{"statusCode":404,"message":"Bad request","level":"error"}
{"statusCode":404,"message":"Bad request","level":"error"}
{"statusCode":404,"message":"Bad request","level":"error"}
{"statusCode":400,"message":"Bad request","level":"error"}
{"statusCode":500,"message":"MongoError: user is not allowed to do action [dropDatabase] on [test.]","level":"error"}
{"statusCode":500,"message":"MongoError: user is not allowed to do action [dropDatabase] on [test.]","level":"error"}
{"statusCode":401,"message":"Access token is missing or invalid","level":"error"}
{"level":"error","message":"undefined"}
{"level":"error","message":"undefined"}
{"statusCode":404,"message":"Board not found","level":"error"}
{"statusCode":400,"message":"Bad request","level":"error"}
{"statusCode":404,"message":"Bad request","level":"error"}
{"statusCode":404,"message":"Bad request","level":"error"}
{"statusCode":404,"message":"Bad request","level":"error"}
{"statusCode":404,"message":"Bad request","level":"error"}
{"statusCode":404,"message":"Bad request","level":"error"}
{"statusCode":404,"message":"Bad request","level":"error"}
{"statusCode":404,"message":"Bad request","level":"error"}
{"statusCode":404,"message":"Bad request","level":"error"}
{"statusCode":404,"message":"Bad request","level":"error"}
{"statusCode":404,"message":"Bad request","level":"error"}
{"statusCode":401,"message":"Access token is missing or invalid","level":"error"}
{"level":"error","message":"undefined"}
{"level":"error","message":"undefined"}
{"statusCode":400,"message":"Bad request","level":"error"}
{"statusCode":404,"message":"Board not found","level":"error"}
{"statusCode":404,"message":"Bad request","level":"error"}
{"statusCode":404,"message":"Bad request","level":"error"}
{"statusCode":404,"message":"Bad request","level":"error"}
{"statusCode":404,"message":"Bad request","level":"error"}
{"statusCode":404,"message":"Bad request","level":"error"}
{"statusCode":404,"message":"Bad request","level":"error"}
{"statusCode":404,"message":"Bad request","level":"error"}
{"statusCode":404,"message":"Bad request","level":"error"}
{"statusCode":404,"message":"Bad request","level":"error"}
{"statusCode":404,"message":"Bad request","level":"error"}
{"statusCode":401,"message":"Access token is missing or invalid","level":"error"}
{"level":"error","message":"undefined"}
{"level":"error","message":"undefined"}
{"statusCode":404,"message":"Board not found","level":"error"}
{"statusCode":400,"message":"Bad request","level":"error"}
{"statusCode":404,"message":"Bad request","level":"error"}
{"statusCode":404,"message":"Bad request","level":"error"}
{"statusCode":404,"message":"Bad request","level":"error"}
{"statusCode":404,"message":"Bad request","level":"error"}
{"statusCode":404,"message":"Bad request","level":"error"}
{"statusCode":404,"message":"Bad request","level":"error"}
{"statusCode":404,"message":"Bad request","level":"error"}
{"statusCode":404,"message":"Bad request","level":"error"}
{"statusCode":404,"message":"Bad request","level":"error"}
{"statusCode":404,"message":"Bad request","level":"error"}
{"statusCode":401,"message":"Access token is missing or invalid","level":"error"}
{"level":"error","message":"undefined"}
{"level":"error","message":"undefined"}
{"statusCode":404,"message":"Board not found","level":"error"}
{"statusCode":400,"message":"Bad request","level":"error"}
{"statusCode":404,"message":"Bad request","level":"error"}
{"statusCode":404,"message":"Bad request","level":"error"}
{"statusCode":404,"message":"Bad request","level":"error"}
{"statusCode":404,"message":"Bad request","level":"error"}
{"statusCode":404,"message":"Bad request","level":"error"}
{"statusCode":404,"message":"Bad request","level":"error"}
{"statusCode":404,"message":"Bad request","level":"error"}
{"statusCode":404,"message":"Bad request","level":"error"}
{"statusCode":404,"message":"Bad request","level":"error"}
{"statusCode":404,"message":"Bad request","level":"error"}
{"statusCode":401,"message":"Access token is missing or invalid","level":"error"}
{"level":"error","message":"undefined"}
{"level":"error","message":"undefined"}
{"statusCode":404,"message":"Board not found","level":"error"}
{"statusCode":400,"message":"Bad request","level":"error"}
{"statusCode":404,"message":"Bad request","level":"error"}
{"statusCode":404,"message":"Bad request","level":"error"}
{"statusCode":404,"message":"Bad request","level":"error"}
{"statusCode":404,"message":"Bad request","level":"error"}
{"statusCode":404,"message":"Bad request","level":"error"}
{"statusCode":404,"message":"Bad request","level":"error"}
{"statusCode":404,"message":"Bad request","level":"error"}
{"statusCode":404,"message":"Bad request","level":"error"}
{"statusCode":404,"message":"Bad request","level":"error"}
{"statusCode":404,"message":"Bad request","level":"error"}
{"statusCode":401,"message":"Access token is missing or invalid","level":"error"}
{"level":"error","message":"undefined"}
{"level":"error","message":"undefined"}
{"statusCode":404,"message":"Board not found","level":"error"}
{"statusCode":400,"message":"Bad request","level":"error"}
{"statusCode":404,"message":"Bad request","level":"error"}
{"statusCode":404,"message":"Bad request","level":"error"}
{"statusCode":404,"message":"Bad request","level":"error"}
{"statusCode":404,"message":"Bad request","level":"error"}
{"statusCode":404,"message":"Bad request","level":"error"}
{"statusCode":404,"message":"Bad request","level":"error"}
{"statusCode":404,"message":"Bad request","level":"error"}
{"statusCode":404,"message":"Bad request","level":"error"}
{"statusCode":404,"message":"Bad request","level":"error"}
{"statusCode":404,"message":"Bad request","level":"error"}
{"statusCode":401,"message":"Access token is missing or invalid","level":"error"}
{"statusCode":401,"message":"Access token is missing or invalid","level":"error"}
{"statusCode":404,"message":"Board not found","level":"error"}
{"statusCode":404,"message":"Bad request","level":"error"}
{"statusCode":404,"message":"Bad request","level":"error"}
{"statusCode":400,"message":"Bad request","level":"error"}
{"statusCode":404,"message":"Bad request","level":"error"}
{"statusCode":404,"message":"Bad request","level":"error"}
{"statusCode":404,"message":"Bad request","level":"error"}
{"statusCode":404,"message":"Bad request","level":"error"}
{"statusCode":404,"message":"Bad request","level":"error"}
{"statusCode":404,"message":"Bad request","level":"error"}
{"statusCode":404,"message":"Bad request","level":"error"}
{"statusCode":404,"message":"Bad request","level":"error"}
{"statusCode":404,"message":"Bad request","level":"error"}
{"statusCode":401,"message":"Access token is missing or invalid","level":"error"}
{"statusCode":404,"message":"Board not found","level":"error"}
{"statusCode":404,"message":"Bad request","level":"error"}
{"statusCode":404,"message":"Bad request","level":"error"}
{"statusCode":400,"message":"Bad request","level":"error"}
{"statusCode":404,"message":"Bad request","level":"error"}
{"statusCode":404,"message":"Bad request","level":"error"}
{"statusCode":404,"message":"Bad request","level":"error"}
{"statusCode":404,"message":"Bad request","level":"error"}
{"statusCode":404,"message":"Bad request","level":"error"}
{"statusCode":404,"message":"Bad request","level":"error"}
{"statusCode":404,"message":"Bad request","level":"error"}
{"statusCode":404,"message":"Bad request","level":"error"}
{"statusCode":404,"message":"Bad request","level":"error"}
{"statusCode":401,"message":"Access token is missing or invalid","level":"error"}
{"statusCode":404,"message":"Board not found","level":"error"}
{"statusCode":404,"message":"Bad request","level":"error"}
{"statusCode":404,"message":"Bad request","level":"error"}
{"statusCode":404,"message":"Bad request","level":"error"}
{"statusCode":404,"message":"Bad request","level":"error"}
{"statusCode":404,"message":"Bad request","level":"error"}
{"statusCode":404,"message":"Bad request","level":"error"}
{"statusCode":404,"message":"Bad request","level":"error"}
{"statusCode":404,"message":"Bad request","level":"error"}
{"statusCode":401,"message":"Access token is missing or invalid","level":"error"}
{"statusCode":404,"message":"Board not found","level":"error"}
{"statusCode":404,"message":"Bad request","level":"error"}
{"statusCode":404,"message":"Bad request","level":"error"}
{"statusCode":400,"message":"Bad request","level":"error"}
{"statusCode":404,"message":"Bad request","level":"error"}
{"statusCode":404,"message":"Bad request","level":"error"}
{"statusCode":404,"message":"Bad request","level":"error"}
{"statusCode":404,"message":"Bad request","level":"error"}
{"statusCode":404,"message":"Bad request","level":"error"}
{"statusCode":404,"message":"Bad request","level":"error"}
{"statusCode":404,"message":"Bad request","level":"error"}
{"statusCode":404,"message":"Bad request","level":"error"}
{"statusCode":404,"message":"Bad request","level":"error"}
{"statusCode":401,"message":"Access token is missing or invalid","level":"error"}
{"statusCode":404,"message":"Board not found","level":"error"}
{"statusCode":404,"message":"Bad request","level":"error"}
{"statusCode":404,"message":"Bad request","level":"error"}
{"statusCode":400,"message":"Bad request","level":"error"}
{"statusCode":404,"message":"Bad request","level":"error"}
{"statusCode":404,"message":"Bad request","level":"error"}
{"statusCode":404,"message":"Bad request","level":"error"}
{"statusCode":404,"message":"Bad request","level":"error"}
{"statusCode":404,"message":"Bad request","level":"error"}
{"statusCode":404,"message":"Bad request","level":"error"}
{"statusCode":404,"message":"Bad request","level":"error"}
{"statusCode":404,"message":"Bad request","level":"error"}
{"statusCode":404,"message":"Bad request","level":"error"}
{"statusCode":401,"message":"Access token is missing or invalid","level":"error"}
{"statusCode":404,"message":"Board not found","level":"error"}
{"statusCode":404,"message":"Bad request","level":"error"}
{"statusCode":404,"message":"Bad request","level":"error"}
{"statusCode":400,"message":"Bad request","level":"error"}
{"statusCode":404,"message":"Bad request","level":"error"}
{"statusCode":404,"message":"Bad request","level":"error"}
{"statusCode":404,"message":"Bad request","level":"error"}
{"statusCode":404,"message":"Bad request","level":"error"}
{"statusCode":404,"message":"Bad request","level":"error"}
{"statusCode":404,"message":"Bad request","level":"error"}
{"statusCode":404,"message":"Bad request","level":"error"}
{"statusCode":404,"message":"Bad request","level":"error"}
{"statusCode":404,"message":"Bad request","level":"error"}
{"statusCode":401,"message":"Access token is missing or invalid","level":"error"}
{"statusCode":404,"message":"Board not found","level":"error"}
{"statusCode":404,"message":"Bad request","level":"error"}
{"statusCode":404,"message":"Bad request","level":"error"}
{"statusCode":404,"message":"Bad request","level":"error"}
{"statusCode":400,"message":"Bad request","level":"error"}
{"statusCode":404,"message":"Bad request","level":"error"}
{"statusCode":404,"message":"Bad request","level":"error"}
{"statusCode":404,"message":"Bad request","level":"error"}
{"statusCode":404,"message":"Bad request","level":"error"}
{"statusCode":404,"message":"Bad request","level":"error"}
{"statusCode":404,"message":"Bad request","level":"error"}
{"statusCode":404,"message":"Bad request","level":"error"}
{"statusCode":404,"message":"Bad request","level":"error"}
{"statusCode":404,"message":"Bad request","level":"error"}
{"statusCode":400,"message":"Bad request","level":"error"}
{"statusCode":404,"message":"Bad request","level":"error"}
{"statusCode":404,"message":"Bad request","level":"error"}
{"statusCode":404,"message":"Board not found","level":"error"}
{"statusCode":404,"message":"Bad request","level":"error"}
{"statusCode":404,"message":"Bad request","level":"error"}
{"statusCode":404,"message":"Bad request","level":"error"}
{"statusCode":404,"message":"Bad request","level":"error"}
{"statusCode":404,"message":"Bad request","level":"error"}
{"statusCode":404,"message":"Bad request","level":"error"}
{"statusCode":404,"message":"Bad request","level":"error"}
{"statusCode":404,"message":"Board not found","level":"error"}
{"statusCode":404,"message":"Bad request","level":"error"}
{"statusCode":404,"message":"Bad request","level":"error"}
{"statusCode":404,"message":"Bad request","level":"error"}
{"statusCode":404,"message":"Bad request","level":"error"}
{"statusCode":404,"message":"Bad request","level":"error"}
{"statusCode":404,"message":"Bad request","level":"error"}
{"statusCode":404,"message":"Bad request","level":"error"}
{"statusCode":404,"message":"Board not found","level":"error"}
{"statusCode":404,"message":"Bad request","level":"error"}
{"statusCode":404,"message":"Bad request","level":"error"}
{"statusCode":404,"message":"Bad request","level":"error"}
{"statusCode":404,"message":"Bad request","level":"error"}
{"statusCode":404,"message":"Bad request","level":"error"}
{"statusCode":404,"message":"Bad request","level":"error"}
{"statusCode":404,"message":"Bad request","level":"error"}
{"message":"Cast to ObjectId failed for value \"0e2601f7-0faa-4e04-a583-8c83eace1927\" at path \"_id\" for model \"Board\"","name":"CastError","stringValue":"\"0e2601f7-0faa-4e04-a583-8c83eace1927\"","value":"0e2601f7-0faa-4e04-a583-8c83eace1927","path":"_id","reason":{},"level":"error"}
{"message":"Cast to ObjectId failed for value \"ef005cad-0ce1-404e-a917-381cb75d86d3\" at path \"_id\" for model \"Board\"","name":"CastError","stringValue":"\"ef005cad-0ce1-404e-a917-381cb75d86d3\"","value":"ef005cad-0ce1-404e-a917-381cb75d86d3","path":"_id","reason":{},"level":"error"}
{"message":"Cast to ObjectId failed for value \"0e2601f7-0faa-4e04-a583-8c83eace1927\" at path \"_id\" for model \"Board\"","name":"CastError","stringValue":"\"0e2601f7-0faa-4e04-a583-8c83eace1927\"","value":"0e2601f7-0faa-4e04-a583-8c83eace1927","path":"_id","reason":{},"level":"error"}
{"statusCode":404,"message":"Bad request","level":"error"}
{"statusCode":404,"message":"Bad request","level":"error"}
{"statusCode":404,"message":"Bad request","level":"error"}
{"statusCode":404,"message":"Bad request","level":"error"}
{"statusCode":404,"message":"Bad request","level":"error"}
{"message":"Cast to ObjectId failed for value \"bc416bc4-dd06-42b4-9c76-feb69c5434f4\" at path \"_id\" for model \"Board\"","name":"CastError","stringValue":"\"bc416bc4-dd06-42b4-9c76-feb69c5434f4\"","value":"bc416bc4-dd06-42b4-9c76-feb69c5434f4","path":"_id","reason":{},"level":"error"}
{"message":"Cast to ObjectId failed for value \"9d239011-7c16-4a39-a197-31341bca05b1\" at path \"_id\" for model \"Board\"","name":"CastError","stringValue":"\"9d239011-7c16-4a39-a197-31341bca05b1\"","value":"9d239011-7c16-4a39-a197-31341bca05b1","path":"_id","reason":{},"level":"error"}
{"message":"Cast to ObjectId failed for value \"bc416bc4-dd06-42b4-9c76-feb69c5434f4\" at path \"_id\" for model \"Board\"","name":"CastError","stringValue":"\"bc416bc4-dd06-42b4-9c76-feb69c5434f4\"","value":"bc416bc4-dd06-42b4-9c76-feb69c5434f4","path":"_id","reason":{},"level":"error"}
{"statusCode":404,"message":"Bad request","level":"error"}
{"statusCode":404,"message":"Bad request","level":"error"}
{"statusCode":404,"message":"Bad request","level":"error"}
{"statusCode":404,"message":"Bad request","level":"error"}
{"statusCode":404,"message":"Bad request","level":"error"}
{"message":"Cast to ObjectId failed for value \"f8517560-269c-4c49-ba53-5c011c430d8b\" at path \"_id\" for model \"Board\"","name":"CastError","stringValue":"\"f8517560-269c-4c49-ba53-5c011c430d8b\"","value":"f8517560-269c-4c49-ba53-5c011c430d8b","path":"_id","reason":{},"level":"error"}
{"message":"Cast to ObjectId failed for value \"cc0e704b-50d3-4652-a2e8-4d49f9833951\" at path \"_id\" for model \"Board\"","name":"CastError","stringValue":"\"cc0e704b-50d3-4652-a2e8-4d49f9833951\"","value":"cc0e704b-50d3-4652-a2e8-4d49f9833951","path":"_id","reason":{},"level":"error"}
{"message":"Cast to ObjectId failed for value \"f8517560-269c-4c49-ba53-5c011c430d8b\" at path \"_id\" for model \"Board\"","name":"CastError","stringValue":"\"f8517560-269c-4c49-ba53-5c011c430d8b\"","value":"f8517560-269c-4c49-ba53-5c011c430d8b","path":"_id","reason":{},"level":"error"}
{"statusCode":404,"message":"Bad request","level":"error"}
{"statusCode":404,"message":"Bad request","level":"error"}
{"statusCode":404,"message":"Bad request","level":"error"}
{"statusCode":404,"message":"Bad request","level":"error"}
{"statusCode":404,"message":"Bad request","level":"error"}
{"message":"Cast to ObjectId failed for value \"cc0e704b-50d3-4652-a2e8-4d49f9833951\" at path \"_id\" for model \"Board\"","name":"CastError","stringValue":"\"cc0e704b-50d3-4652-a2e8-4d49f9833951\"","value":"cc0e704b-50d3-4652-a2e8-4d49f9833951","path":"_id","reason":{},"level":"error"}
{"message":"Cast to ObjectId failed for value \"c2c8a0eb-0b4d-4e76-9f81-97d15012ca9a\" at path \"_id\" for model \"Board\"","name":"CastError","stringValue":"\"c2c8a0eb-0b4d-4e76-9f81-97d15012ca9a\"","value":"c2c8a0eb-0b4d-4e76-9f81-97d15012ca9a","path":"_id","reason":{},"level":"error"}
{"message":"Cast to ObjectId failed for value \"cc0e704b-50d3-4652-a2e8-4d49f9833951\" at path \"_id\" for model \"Board\"","name":"CastError","stringValue":"\"cc0e704b-50d3-4652-a2e8-4d49f9833951\"","value":"cc0e704b-50d3-4652-a2e8-4d49f9833951","path":"_id","reason":{},"level":"error"}
{"statusCode":404,"message":"Bad request","level":"error"}
{"statusCode":404,"message":"Bad request","level":"error"}
{"statusCode":404,"message":"Bad request","level":"error"}
{"statusCode":404,"message":"Bad request","level":"error"}
{"statusCode":404,"message":"Bad request","level":"error"}
{"message":"Cast to ObjectId failed for value \"undefined\" at path \"_id\" for model \"Board\"","name":"CastError","stringValue":"\"undefined\"","value":"undefined","path":"_id","reason":{},"level":"error"}
{"statusCode":404,"message":"Bad request","level":"error"}
{"statusCode":404,"message":"Bad request","level":"error"}
{"statusCode":404,"message":"Bad request","level":"error"}
{"statusCode":404,"message":"Bad request","level":"error"}
{"statusCode":404,"message":"Bad request","level":"error"}
{"statusCode":404,"message":"Bad request","level":"error"}
{"statusCode":404,"message":"Bad request","level":"error"}
{"message":"Cast to ObjectId failed for value \"undefined\" at path \"_id\" for model \"Board\"","name":"CastError","stringValue":"\"undefined\"","value":"undefined","path":"_id","reason":{},"level":"error"}
{"statusCode":404,"message":"Bad request","level":"error"}
{"statusCode":404,"message":"Bad request","level":"error"}
{"statusCode":404,"message":"Bad request","level":"error"}
{"statusCode":404,"message":"Bad request","level":"error"}
{"statusCode":404,"message":"Bad request","level":"error"}
{"statusCode":404,"message":"Bad request","level":"error"}
{"statusCode":404,"message":"Bad request","level":"error"}
{"message":"Cast to ObjectId failed for value \"undefined\" at path \"_id\" for model \"Board\"","name":"CastError","stringValue":"\"undefined\"","value":"undefined","path":"_id","reason":{},"level":"error"}
{"statusCode":404,"message":"Bad request","level":"error"}
{"statusCode":404,"message":"Bad request","level":"error"}
{"statusCode":404,"message":"Bad request","level":"error"}
{"statusCode":404,"message":"Bad request","level":"error"}
{"statusCode":404,"message":"Bad request","level":"error"}
{"statusCode":404,"message":"Bad request","level":"error"}
{"statusCode":404,"message":"Bad request","level":"error"}
{"message":"Cast to ObjectId failed for value \"undefined\" at path \"_id\" for model \"Board\"","name":"CastError","stringValue":"\"undefined\"","value":"undefined","path":"_id","reason":{},"level":"error"}
{"statusCode":404,"message":"Bad request","level":"error"}
{"statusCode":404,"message":"Bad request","level":"error"}
{"statusCode":404,"message":"Bad request","level":"error"}
{"statusCode":404,"message":"Bad request","level":"error"}
{"statusCode":404,"message":"Bad request","level":"error"}
{"statusCode":404,"message":"Bad request","level":"error"}
{"statusCode":404,"message":"Bad request","level":"error"}
{"message":"Cast to ObjectId failed for value \"ee6fec26-8191-4686-a760-6b6c8ccb8f3d\" at path \"_id\" for model \"Board\"","name":"CastError","stringValue":"\"ee6fec26-8191-4686-a760-6b6c8ccb8f3d\"","value":"ee6fec26-8191-4686-a760-6b6c8ccb8f3d","path":"_id","reason":{},"level":"error"}
{"message":"Cast to ObjectId failed for value \"a6cae0a2-9e16-424c-809a-13461017df25\" at path \"_id\" for model \"Board\"","name":"CastError","stringValue":"\"a6cae0a2-9e16-424c-809a-13461017df25\"","value":"a6cae0a2-9e16-424c-809a-13461017df25","path":"_id","reason":{},"level":"error"}
{"message":"Cast to ObjectId failed for value \"ee6fec26-8191-4686-a760-6b6c8ccb8f3d\" at path \"_id\" for model \"Board\"","name":"CastError","stringValue":"\"ee6fec26-8191-4686-a760-6b6c8ccb8f3d\"","value":"ee6fec26-8191-4686-a760-6b6c8ccb8f3d","path":"_id","reason":{},"level":"error"}
{"statusCode":404,"message":"Bad request","level":"error"}
{"statusCode":404,"message":"Bad request","level":"error"}
{"statusCode":404,"message":"Bad request","level":"error"}
{"statusCode":404,"message":"Bad request","level":"error"}
{"statusCode":404,"message":"Bad request","level":"error"}
{"statusCode":401,"message":"Access token is missing or invalid","level":"error"}
{"statusCode":404,"message":"Bad request","level":"error"}
{"statusCode":404,"message":"Bad request","level":"error"}
{"statusCode":404,"message":"Bad request","level":"error"}
{"statusCode":404,"message":"Bad request","level":"error"}
{"statusCode":404,"message":"Bad request","level":"error"}
{"statusCode":404,"message":"Bad request","level":"error"}
{"statusCode":404,"message":"Bad request","level":"error"}
{"statusCode":404,"message":"Bad request","level":"error"}
{"statusCode":404,"message":"Bad request","level":"error"}
{"statusCode":404,"message":"Bad request","level":"error"}
{"statusCode":404,"message":"Bad request","level":"error"}
{"statusCode":404,"message":"Bad request","level":"error"}
{"statusCode":404,"message":"Bad request","level":"error"}
{"statusCode":404,"message":"Bad request","level":"error"}
{"statusCode":404,"message":"Bad request","level":"error"}
{"statusCode":404,"message":"Bad request","level":"error"}
{"statusCode":404,"message":"Bad request","level":"error"}
{"statusCode":404,"message":"Bad request","level":"error"}
{"statusCode":404,"message":"Bad request","level":"error"}
{"statusCode":404,"message":"Bad request","level":"error"}
{"statusCode":404,"message":"Bad request","level":"error"}
{"statusCode":404,"message":"Bad request","level":"error"}
{"statusCode":404,"message":"Bad request","level":"error"}
{"statusCode":404,"message":"Bad request","level":"error"}
{"statusCode":404,"message":"Bad request","level":"error"}
{"statusCode":404,"message":"Bad request","level":"error"}
{"statusCode":404,"message":"Bad request","level":"error"}
{"statusCode":404,"message":"Bad request","level":"error"}
{"statusCode":404,"message":"Bad request","level":"error"}
{"statusCode":404,"message":"Bad request","level":"error"}
{"statusCode":404,"message":"Bad request","level":"error"}
{"statusCode":404,"message":"Bad request","level":"error"}
{"statusCode":404,"message":"Bad request","level":"error"}
{"statusCode":404,"message":"Bad request","level":"error"}
{"statusCode":404,"message":"Bad request","level":"error"}
{"statusCode":404,"message":"Bad request","level":"error"}
{"statusCode":404,"message":"Bad request","level":"error"}
{"statusCode":404,"message":"Bad request","level":"error"}
{"statusCode":404,"message":"Bad request","level":"error"}
{"statusCode":404,"message":"Bad request","level":"error"}
{"statusCode":404,"message":"Bad request","level":"error"}
{"statusCode":404,"message":"Bad request","level":"error"}
{"statusCode":404,"message":"Board not found","level":"error"}
{"statusCode":404,"message":"Bad request","level":"error"}
{"statusCode":404,"message":"Bad request","level":"error"}
{"statusCode":404,"message":"Bad request","level":"error"}
{"statusCode":404,"message":"Bad request","level":"error"}
{"statusCode":404,"message":"Bad request","level":"error"}
{"message":"Cast to ObjectId failed for value \"undefined\" at path \"_id\" for model \"Task\"","name":"CastError","stringValue":"\"undefined\"","value":"undefined","path":"_id","reason":{},"level":"error"}
{"message":"Cast to ObjectId failed for value \"undefined\" at path \"_id\" for model \"Task\"","name":"CastError","stringValue":"\"undefined\"","value":"undefined","path":"_id","reason":{},"level":"error"}
{"message":"Cast to ObjectId failed for value \"undefined\" at path \"_id\" for model \"Task\"","name":"CastError","stringValue":"\"undefined\"","value":"undefined","path":"_id","reason":{},"level":"error"}
{"statusCode":404,"message":"Bad request","level":"error"}
{"statusCode":404,"message":"Bad request","level":"error"}
{"statusCode":404,"message":"Bad request","level":"error"}
{"statusCode":404,"message":"Board not found","level":"error"}
{"statusCode":404,"message":"Board not found","level":"error"}
{"statusCode":404,"message":"Board not found","level":"error"}
{"statusCode":404,"message":"Board not found","level":"error"}
{"statusCode":404,"message":"Board not found","level":"error"}
{"statusCode":404,"message":"Board not found","level":"error"}
{"statusCode":404,"message":"Bad request","level":"error"}
{"statusCode":404,"message":"Bad request","level":"error"}
{"statusCode":404,"message":"Bad request","level":"error"}
{"statusCode":404,"message":"Bad request","level":"error"}
{"statusCode":404,"message":"Bad request","level":"error"}
{"statusCode":404,"message":"Bad request","level":"error"}
{"statusCode":404,"message":"Bad request","level":"error"}
{"statusCode":404,"message":"Bad request","level":"error"}
{"statusCode":404,"message":"Bad request","level":"error"}
{"statusCode":404,"message":"Bad request","level":"error"}
{"statusCode":404,"message":"Bad request","level":"error"}
{"statusCode":404,"message":"Bad request","level":"error"}
{"statusCode":404,"message":"Bad request","level":"error"}
{"statusCode":404,"message":"Bad request","level":"error"}
{"statusCode":404,"message":"Bad request","level":"error"}
{"statusCode":404,"message":"Bad request","level":"error"}
{"statusCode":404,"message":"Bad request","level":"error"}
{"statusCode":404,"message":"Bad request","level":"error"}
{"statusCode":404,"message":"Bad request","level":"error"}
{"statusCode":404,"message":"Board not found","level":"error"}
{"statusCode":404,"message":"Bad request","level":"error"}
{"statusCode":404,"message":"Bad request","level":"error"}
{"statusCode":404,"message":"Bad request","level":"error"}
{"statusCode":404,"message":"Board not found","level":"error"}
{"statusCode":404,"message":"Bad request","level":"error"}
{"statusCode":404,"message":"Bad request","level":"error"}
{"statusCode":404,"message":"Bad request","level":"error"}
{"statusCode":404,"message":"Bad request","level":"error"}
{"statusCode":404,"message":"Bad request","level":"error"}
{"statusCode":404,"message":"Bad request","level":"error"}
{"statusCode":404,"message":"Board not found","level":"error"}
{"statusCode":404,"message":"Bad request","level":"error"}
{"statusCode":404,"message":"Bad request","level":"error"}
{"statusCode":404,"message":"Bad request","level":"error"}
{"statusCode":404,"message":"Bad request","level":"error"}
{"statusCode":404,"message":"Bad request","level":"error"}
{"statusCode":404,"message":"Bad request","level":"error"}
{"statusCode":404,"message":"Bad request","level":"error"}
{"statusCode":404,"message":"Bad request","level":"error"}
{"statusCode":404,"message":"Bad request","level":"error"}
{"statusCode":404,"message":"Bad request","level":"error"}
{"statusCode":404,"message":"Bad request","level":"error"}
{"statusCode":404,"message":"Bad request","level":"error"}
{"statusCode":404,"message":"Bad request","level":"error"}
{"statusCode":404,"message":"Bad request","level":"error"}
{"statusCode":404,"message":"Board not found","level":"error"}
{"statusCode":404,"message":"Bad request","level":"error"}
{"statusCode":404,"message":"Bad request","level":"error"}
{"statusCode":404,"message":"Bad request","level":"error"}
{"statusCode":404,"message":"Bad request","level":"error"}
{"statusCode":404,"message":"Bad request","level":"error"}
{"statusCode":404,"message":"Bad request","level":"error"}
{"statusCode":404,"message":"Board not found","level":"error"}
{"statusCode":404,"message":"Bad request","level":"error"}
{"statusCode":404,"message":"Bad request","level":"error"}
{"statusCode":404,"message":"Bad request","level":"error"}
{"statusCode":404,"message":"Bad request","level":"error"}
{"statusCode":404,"message":"Bad request","level":"error"}
{"statusCode":404,"message":"Bad request","level":"error"}
{"statusCode":404,"message":"Board not found","level":"error"}
{"statusCode":404,"message":"Bad request","level":"error"}
{"statusCode":404,"message":"Bad request","level":"error"}
{"statusCode":404,"message":"Bad request","level":"error"}
{"statusCode":404,"message":"Bad request","level":"error"}
{"statusCode":404,"message":"Bad request","level":"error"}
{"statusCode":404,"message":"Bad request","level":"error"}
{"statusCode":404,"message":"Board not found","level":"error"}
{"statusCode":404,"message":"Bad request","level":"error"}
{"statusCode":404,"message":"Bad request","level":"error"}
{"statusCode":404,"message":"Bad request","level":"error"}
{"statusCode":404,"message":"Bad request","level":"error"}
{"statusCode":404,"message":"Bad request","level":"error"}
{"statusCode":404,"message":"Bad request","level":"error"}
{"statusCode":404,"message":"Bad request","level":"error"}
{"statusCode":404,"message":"Bad request","level":"error"}
{"statusCode":404,"message":"Bad request","level":"error"}
{"statusCode":404,"message":"Bad request","level":"error"}
{"statusCode":404,"message":"Bad request","level":"error"}
{"statusCode":404,"message":"Bad request","level":"error"}
{"statusCode":404,"message":"Bad request","level":"error"}
{"statusCode":404,"message":"Board not found","level":"error"}
{"statusCode":404,"message":"Bad request","level":"error"}
{"statusCode":404,"message":"Bad request","level":"error"}
{"statusCode":404,"message":"Bad request","level":"error"}
{"statusCode":404,"message":"Bad request","level":"error"}
{"statusCode":404,"message":"Bad request","level":"error"}
{"statusCode":404,"message":"Bad request","level":"error"}
{"statusCode":404,"message":"Board not found","level":"error"}
{"statusCode":404,"message":"Bad request","level":"error"}
{"statusCode":404,"message":"Bad request","level":"error"}
{"statusCode":404,"message":"Bad request","level":"error"}
{"statusCode":404,"message":"Bad request","level":"error"}
{"statusCode":404,"message":"Bad request","level":"error"}
{"statusCode":404,"message":"Bad request","level":"error"}
{"statusCode":404,"message":"Board not found","level":"error"}
{"statusCode":404,"message":"Bad request","level":"error"}
{"statusCode":404,"message":"Bad request","level":"error"}
{"statusCode":404,"message":"Bad request","level":"error"}
{"statusCode":404,"message":"Bad request","level":"error"}
{"statusCode":404,"message":"Bad request","level":"error"}
{"statusCode":404,"message":"Board not found","level":"error"}
{"statusCode":404,"message":"Bad request","level":"error"}
{"statusCode":404,"message":"Bad request","level":"error"}
{"statusCode":404,"message":"Bad request","level":"error"}
{"statusCode":404,"message":"Bad request","level":"error"}
{"statusCode":404,"message":"Bad request","level":"error"}
{"statusCode":404,"message":"Bad request","level":"error"}
{"statusCode":404,"message":"Bad request","level":"error"}
{"statusCode":404,"message":"Board not found","level":"error"}
{"statusCode":404,"message":"Bad request","level":"error"}
{"statusCode":404,"message":"Bad request","level":"error"}
{"statusCode":404,"message":"Bad request","level":"error"}
{"statusCode":404,"message":"Bad request","level":"error"}
{"statusCode":404,"message":"Bad request","level":"error"}
{"statusCode":404,"message":"Bad request","level":"error"}
{"statusCode":404,"message":"Board not found","level":"error"}
{"statusCode":404,"message":"Bad request","level":"error"}
{"statusCode":404,"message":"Bad request","level":"error"}
{"statusCode":404,"message":"Bad request","level":"error"}
{"statusCode":404,"message":"Bad request","level":"error"}
{"statusCode":404,"message":"Bad request","level":"error"}
{"statusCode":404,"message":"Bad request","level":"error"}
{"statusCode":404,"message":"Bad request","level":"error"}
{"statusCode":404,"message":"Bad request","level":"error"}
{"statusCode":404,"message":"Bad request","level":"error"}
{"statusCode":404,"message":"Bad request","level":"error"}
{"statusCode":404,"message":"Bad request","level":"error"}
{"statusCode":404,"message":"Bad request","level":"error"}
{"statusCode":404,"message":"Board not found","level":"error"}
{"statusCode":404,"message":"Board not found","level":"error"}
{"statusCode":404,"message":"Board not found","level":"error"}
{"statusCode":404,"message":"Board not found","level":"error"}
{"statusCode":404,"message":"Board not found","level":"error"}
{"statusCode":404,"message":"Board not found","level":"error"}
{"statusCode":404,"message":"Bad request","level":"error"}
{"statusCode":404,"message":"Bad request","level":"error"}
{"statusCode":404,"message":"Bad request","level":"error"}
{"statusCode":404,"message":"Bad request","level":"error"}
{"statusCode":404,"message":"Bad request","level":"error"}
{"statusCode":404,"message":"Bad request","level":"error"}
{"statusCode":404,"message":"Bad request","level":"error"}
{"statusCode":404,"message":"Bad request","level":"error"}
{"statusCode":404,"message":"Bad request","level":"error"}
{"statusCode":404,"message":"Bad request","level":"error"}
{"statusCode":404,"message":"Board not found","level":"error"}
{"statusCode":404,"message":"Bad request","level":"error"}
{"statusCode":404,"message":"Bad request","level":"error"}
{"statusCode":404,"message":"Bad request","level":"error"}
{"statusCode":404,"message":"Bad request","level":"error"}
{"statusCode":404,"message":"Bad request","level":"error"}
{"statusCode":404,"message":"Bad request","level":"error"}
{"statusCode":404,"message":"Board not found","level":"error"}
{"statusCode":404,"message":"Bad request","level":"error"}
{"statusCode":404,"message":"Bad request","level":"error"}
{"statusCode":404,"message":"Bad request","level":"error"}
{"statusCode":404,"message":"Bad request","level":"error"}
{"statusCode":404,"message":"Bad request","level":"error"}
{"statusCode":404,"message":"Bad request","level":"error"}
{"statusCode":404,"message":"Board not found","level":"error"}
{"statusCode":404,"message":"Bad request","level":"error"}
{"statusCode":404,"message":"Bad request","level":"error"}
{"statusCode":404,"message":"Bad request","level":"error"}
{"statusCode":404,"message":"Bad request","level":"error"}
{"statusCode":404,"message":"Bad request","level":"error"}
{"statusCode":404,"message":"Bad request","level":"error"}
{"statusCode":404,"message":"Board not found","level":"error"}
{"statusCode":404,"message":"Bad request","level":"error"}
{"statusCode":404,"message":"Bad request","level":"error"}
{"statusCode":404,"message":"Bad request","level":"error"}
{"statusCode":404,"message":"Bad request","level":"error"}
{"statusCode":404,"message":"Bad request","level":"error"}
{"statusCode":404,"message":"Bad request","level":"error"}
{"statusCode":404,"message":"Board not found","level":"error"}
{"statusCode":404,"message":"Bad request","level":"error"}
{"statusCode":404,"message":"Bad request","level":"error"}
{"statusCode":404,"message":"Bad request","level":"error"}
{"statusCode":404,"message":"Bad request","level":"error"}
{"statusCode":404,"message":"Bad request","level":"error"}
{"statusCode":404,"message":"Bad request","level":"error"}
{"statusCode":404,"message":"Board not found","level":"error"}
{"statusCode":404,"message":"Bad request","level":"error"}
{"statusCode":404,"message":"Bad request","level":"error"}
{"statusCode":404,"message":"Bad request","level":"error"}
{"statusCode":404,"message":"Bad request","level":"error"}
{"statusCode":404,"message":"Bad request","level":"error"}
{"statusCode":404,"message":"Bad request","level":"error"}
{"statusCode":404,"message":"Board not found","level":"error"}
{"statusCode":404,"message":"Bad request","level":"error"}
{"statusCode":404,"message":"Bad request","level":"error"}
{"statusCode":404,"message":"Bad request","level":"error"}
{"statusCode":404,"message":"Bad request","level":"error"}
{"statusCode":404,"message":"Bad request","level":"error"}
{"statusCode":404,"message":"Bad request","level":"error"}
{"statusCode":404,"message":"Board not found","level":"error"}
{"statusCode":404,"message":"Bad request","level":"error"}
{"statusCode":404,"message":"Bad request","level":"error"}
{"statusCode":404,"message":"Bad request","level":"error"}
{"statusCode":404,"message":"Bad request","level":"error"}
{"statusCode":404,"message":"Bad request","level":"error"}
{"statusCode":404,"message":"Bad request","level":"error"}
{"statusCode":404,"message":"Board not found","level":"error"}
{"statusCode":404,"message":"Bad request","level":"error"}
{"statusCode":404,"message":"Bad request","level":"error"}
{"statusCode":404,"message":"Bad request","level":"error"}
{"statusCode":404,"message":"Bad request","level":"error"}
{"statusCode":404,"message":"Bad request","level":"error"}
{"statusCode":404,"message":"Bad request","level":"error"}
{"statusCode":404,"message":"Board not found","level":"error"}
{"statusCode":404,"message":"Bad request","level":"error"}
{"statusCode":404,"message":"Bad request","level":"error"}
{"statusCode":404,"message":"Bad request","level":"error"}
{"statusCode":404,"message":"Bad request","level":"error"}
{"statusCode":404,"message":"Bad request","level":"error"}
{"statusCode":404,"message":"Bad request","level":"error"}
{"statusCode":404,"message":"Bad request","level":"error"}
{"statusCode":404,"message":"Bad request","level":"error"}
{"statusCode":404,"message":"Bad request","level":"error"}
{"statusCode":404,"message":"Bad request","level":"error"}
{"statusCode":404,"message":"Bad request","level":"error"}
{"statusCode":404,"message":"Bad request","level":"error"}
{"statusCode":404,"message":"Board not found","level":"error"}
{"statusCode":404,"message":"Bad request","level":"error"}
{"statusCode":404,"message":"Bad request","level":"error"}
{"statusCode":404,"message":"Bad request","level":"error"}
{"statusCode":404,"message":"Bad request","level":"error"}
{"statusCode":404,"message":"Bad request","level":"error"}
{"statusCode":404,"message":"Bad request","level":"error"}
{"statusCode":404,"message":"Bad request","level":"error"}
{"statusCode":404,"message":"Board not found","level":"error"}
{"statusCode":404,"message":"Bad request","level":"error"}
{"statusCode":404,"message":"Bad request","level":"error"}
{"statusCode":404,"message":"Bad request","level":"error"}
{"statusCode":404,"message":"Bad request","level":"error"}
{"statusCode":404,"message":"Bad request","level":"error"}
{"statusCode":404,"message":"Bad request","level":"error"}
{"statusCode":404,"message":"Bad request","level":"error"}
{"statusCode":404,"message":"Bad request","level":"error"}
{"statusCode":404,"message":"Bad request","level":"error"}
{"statusCode":404,"message":"Bad request","level":"error"}
{"statusCode":404,"message":"Bad request","level":"error"}
{"statusCode":404,"message":"Bad request","level":"error"}
