/boards {} {"title":"Autotest board","columns":[{"title":"Backlog","order":1},{"title":"Sprint","order":2}]}
/users {} {}
/boards/5e99c3c9ce1fd8274d3ffa2c/tasks {} {"title":"Autotest task","order":0,"description":"Lorem ipsum","userId":null,"boardId":null,"columnId":null}
/users {} {"name":"TEST_USER","login":"test_user","password":"T35t_P@55w0rd"}
/boards/5e99c3c9ce1fd8274d3ffa2c/tasks {} {}
/users/eb1b6de7-a772-4cdf-a6f4-2b628c4ac194 {} {}
/boards {} {"title":"Autotest board","columns":[{"title":"Backlog","order":1},{"title":"Sprint","order":2}]}
/boards/5e99c3c9ce1fd8274d3ffa2c/tasks {} {}
/boards {} {}
/boards/5e99c3c9ce1fd8274d3ffa2c/tasks/5e99c3c9ce1fd8274d3ffa2f {} {}
/users/eb1b6de7-a772-4cdf-a6f4-2b628c4ac194 {} {}
/boards {} {}
/boards/5e99c3c9ce1fd8274d3ffa2c/tasks {} {"title":"Autotest task","order":0,"description":"Lorem ipsum","userId":null,"boardId":null,"columnId":null}
/users {} {"name":"TEST_USER","login":"test_user","password":"T35t_P@55w0rd"}
/boards/5e99c3c9ce1fd8274d3ffa2c {} {}
/boards/5e99c3c9ce1fd8274d3ffa2c/tasks/5e99c3c9ce1fd8274d3ffa33 {} {}
/boards {} {"title":"Autotest board","columns":[{"title":"Backlog","order":1},{"title":"Sprint","order":2}]}
/boards/5e99c3c9ce1fd8274d3ffa2c/tasks {} {"title":"Autotest task","order":0,"description":"Lorem ipsum","userId":null,"boardId":null,"columnId":null}
/users/787dacaf-6bf0-4900-90bb-819d646a46d9 {} {}
/users {} {"name":"TEST_USER","login":"test_user","password":"T35t_P@55w0rd"}
/boards/5e99c3c9ce1fd8274d3ffa35 {} {}
/boards/5e99c3c9ce1fd8274d3ffa2c/tasks/5e99c3c9ce1fd8274d3ffa34 {} {"id":"5e99c3c9ce1fd8274d3ffa34","title":"Autotest updated task","order":0,"description":"Lorem ipsum","userId":null,"boardId":"5e99c3c9ce1fd8274d3ffa2c","columnId":null}
/boards/5e99c3c9ce1fd8274d3ffa2c/tasks/5e99c3c9ce1fd8274d3ffa34 {} {}
/boards {} {"title":"Autotest board","columns":[{"title":"Backlog","order":1},{"title":"Sprint","order":2}]}
/users/2b5e87cf-324a-4b14-9d72-4fd1d5dd31bb {} {"name":"Autotest updated TEST_USER","login":"test_user","password":"T35t_P@55w0rd","id":"2b5e87cf-324a-4b14-9d72-4fd1d5dd31bb"}
/users/2b5e87cf-324a-4b14-9d72-4fd1d5dd31bb {} {}
/boards/5e99c3c9ce1fd8274d3ffa2c/tasks/5e99c3c9ce1fd8274d3ffa2f {} {}
/boards/5e99c3c9ce1fd8274d3ffa2c/tasks/5e99c3c9ce1fd8274d3ffa2f {} {}
/boards/5e99c3c9ce1fd8274d3ffa38 {} {"id":"5e99c3c9ce1fd8274d3ffa38","title":"Autotest updated board","columns":[{"_id":"5e99c3c9ce1fd8274d3ffa39","title":"Backlog","order":1},{"_id":"5e99c3c9ce1fd8274d3ffa3a","title":"Sprint","order":2}]}
/boards/5e99c3c9ce1fd8274d3ffa38 {} {}
/boards/5e99c3c9ce1fd8274d3ffa2c/tasks/5e99c3c9ce1fd8274d3ffa2f {} {}
/users/2b5e87cf-324a-4b14-9d72-4fd1d5dd31bb {} {}
/users {} {"name":"TEST_USER","login":"test_user","password":"T35t_P@55w0rd"}
/boards/5e99c3c9ce1fd8274d3ffa38 {} {}
/boards/5e99c3c9ce1fd8274d3ffa2c {} {}
/users/510e65cd-c980-4c2e-bfa0-2266831c42ad {} {}
/boards {} {}
/users {} {"name":"TEST_USER","login":"test_user","password":"T35t_P@55w0rd"}
/boards {} {"title":"Autotest board","columns":[{"title":"Backlog","order":1},{"title":"Sprint","order":2}]}
/boards/5e99c3c9ce1fd8274d3ffa30 {} {}
/boards/5e99c3cace1fd8274d3ffa3d/tasks {} {"title":"Task #2","order":2,"description":"Lorem ipsum","userId":"0ef3f402-578c-4851-bfb2-60ec37cc1eb5","boardId":"5e99c3cace1fd8274d3ffa3d"}
/boards/5e99c3cace1fd8274d3ffa3d/tasks {} {"title":"Task #1","order":1,"description":"Lorem ipsum","userId":"0ef3f402-578c-4851-bfb2-60ec37cc1eb5","boardId":"5e99c3cace1fd8274d3ffa3d"}
/boards/5e99c3c9ce1fd8274d3ffa30 {} {}
/boards {} {"title":"Autotest board","columns":[{"title":"Backlog","order":1},{"title":"Sprint","order":2}]}
/boards/5e99c3cace1fd8274d3ffa42/tasks {} {"title":"Task #2","order":2,"description":"Lorem ipsum","boardId":"5e99c3cace1fd8274d3ffa42","userId":null,"columnId":null}
/boards/5e99c3cace1fd8274d3ffa42/tasks {} {"title":"Task #3","order":3,"description":"Lorem ipsum","boardId":"5e99c3cace1fd8274d3ffa42","userId":null,"columnId":null}
/boards/5e99c3cace1fd8274d3ffa42/tasks {} {"title":"Task #1","order":1,"description":"Lorem ipsum","boardId":"5e99c3cace1fd8274d3ffa42","userId":null,"columnId":null}
/boards/5e99c3cace1fd8274d3ffa42/tasks {} {"title":"Task #4","order":4,"description":"Lorem ipsum","boardId":"5e99c3cace1fd8274d3ffa42","userId":null,"columnId":null}
/boards/5e99c3cace1fd8274d3ffa42/tasks {} {"title":"Task #5","order":5,"description":"Lorem ipsum","boardId":"5e99c3cace1fd8274d3ffa42","userId":null,"columnId":null}
/users/0ef3f402-578c-4851-bfb2-60ec37cc1eb5 {} {}
/boards/5e99c3cace1fd8274d3ffa42/tasks/5e99c3cace1fd8274d3ffa45 {} {}
/boards/5e99c3cace1fd8274d3ffa42/tasks/5e99c3cace1fd8274d3ffa46 {} {}
/boards/5e99c3cace1fd8274d3ffa42/tasks/5e99c3cace1fd8274d3ffa47 {} {}
/boards/5e99c3cace1fd8274d3ffa42/tasks/5e99c3cace1fd8274d3ffa48 {} {}
/boards/5e99c3cace1fd8274d3ffa42/tasks/5e99c3cace1fd8274d3ffa49 {} {}
/boards/5e99c3cace1fd8274d3ffa3d/tasks/5e99c3cace1fd8274d3ffa41 {} {}
/boards/5e99c3cace1fd8274d3ffa3d/tasks/5e99c3cace1fd8274d3ffa40 {} {}
/boards/5e99c3cace1fd8274d3ffa3d/tasks/5e99c3cace1fd8274d3ffa41 {} {}
/boards/5e99c3cace1fd8274d3ffa3d/tasks/5e99c3cace1fd8274d3ffa40 {} {}
/boards/5e99c3cace1fd8274d3ffa42 {} {}
/boards/5e99c3cace1fd8274d3ffa42/tasks/5e99c3cace1fd8274d3ffa48 {} {}
/boards/5e99c3cace1fd8274d3ffa42/tasks/5e99c3cace1fd8274d3ffa47 {} {}
/boards/5e99c3cace1fd8274d3ffa42/tasks/5e99c3cace1fd8274d3ffa45 {} {}
/boards/5e99c3cace1fd8274d3ffa42/tasks/5e99c3cace1fd8274d3ffa46 {} {}
/boards/5e99c3cace1fd8274d3ffa42/tasks/5e99c3cace1fd8274d3ffa49 {} {}
/boards/5e99c3cace1fd8274d3ffa3d {} {}
/users {} {}
/boards {} {"title":"Autotest board","columns":[{"title":"Backlog","order":1},{"title":"Sprint","order":2}]}
/boards {} {"title":"Autotest board","columns":[{"title":"Backlog","order":1},{"title":"Sprint","order":2}]}
/users {} {"name":"TEST_USER","login":"test_user","password":"T35t_P@55w0rd"}
/boards/5e99c3d3ce1fd8274d3ffa4a/tasks {} {"title":"Autotest task","order":0,"description":"Lorem ipsum","userId":null,"boardId":null,"columnId":null}
/boards {} {}
/users/49e0550d-f5e7-456a-9590-a6ad7a2766f8 {} {}
/boards/5e99c3d3ce1fd8274d3ffa4a/tasks {} {}
/boards {} {}
/boards/5e99c3d3ce1fd8274d3ffa4a/tasks {} {}
/boards/5e99c3d3ce1fd8274d3ffa4a {} {}
/users/49e0550d-f5e7-456a-9590-a6ad7a2766f8 {} {}
/boards/5e99c3d3ce1fd8274d3ffa4a/tasks/5e99c3d4ce1fd8274d3ffa50 {} {}
/boards {} {"title":"Autotest board","columns":[{"title":"Backlog","order":1},{"title":"Sprint","order":2}]}
/users {} {"name":"TEST_USER","login":"test_user","password":"T35t_P@55w0rd"}
/boards/5e99c3d3ce1fd8274d3ffa4a/tasks {} {"title":"Autotest task","order":0,"description":"Lorem ipsum","userId":null,"boardId":null,"columnId":null}
/boards/5e99c3d3ce1fd8274d3ffa4a/tasks/5e99c3d4ce1fd8274d3ffa54 {} {}
/boards/5e99c3d4ce1fd8274d3ffa51 {} {}
/users/03af5707-d8e7-4034-9149-ae4f9b61941a {} {}
/boards {} {"title":"Autotest board","columns":[{"title":"Backlog","order":1},{"title":"Sprint","order":2}]}
/boards/5e99c3d3ce1fd8274d3ffa4a/tasks {} {"title":"Autotest task","order":0,"description":"Lorem ipsum","userId":null,"boardId":null,"columnId":null}
/users {} {"name":"TEST_USER","login":"test_user","password":"T35t_P@55w0rd"}
/boards/5e99c3d3ce1fd8274d3ffa4a/tasks/5e99c3d4ce1fd8274d3ffa55 {} {"id":"5e99c3d4ce1fd8274d3ffa55","title":"Autotest updated task","order":0,"description":"Lorem ipsum","userId":null,"boardId":"5e99c3d3ce1fd8274d3ffa4a","columnId":null}
/boards/5e99c3d4ce1fd8274d3ffa56 {} {"id":"5e99c3d4ce1fd8274d3ffa56","title":"Autotest updated board","columns":[{"_id":"5e99c3d4ce1fd8274d3ffa57","title":"Backlog","order":1},{"_id":"5e99c3d4ce1fd8274d3ffa58","title":"Sprint","order":2}]}
/users/3a35980d-f0b8-471d-b287-5c7c63d5e24d {} {"name":"Autotest updated TEST_USER","login":"test_user","password":"T35t_P@55w0rd","id":"3a35980d-f0b8-471d-b287-5c7c63d5e24d"}
/boards/5e99c3d4ce1fd8274d3ffa56 {} {}
/boards/5e99c3d3ce1fd8274d3ffa4a/tasks/5e99c3d4ce1fd8274d3ffa55 {} {}
/users/3a35980d-f0b8-471d-b287-5c7c63d5e24d {} {}
/boards/5e99c3d3ce1fd8274d3ffa4a/tasks/5e99c3d4ce1fd8274d3ffa50 {} {}
/boards/5e99c3d4ce1fd8274d3ffa56 {} {}
/boards/5e99c3d3ce1fd8274d3ffa4a/tasks/5e99c3d4ce1fd8274d3ffa50 {} {}
/users/3a35980d-f0b8-471d-b287-5c7c63d5e24d {} {}
/boards {} {}
/boards/5e99c3d3ce1fd8274d3ffa4a/tasks/5e99c3d4ce1fd8274d3ffa50 {} {}
/users {} {"name":"TEST_USER","login":"test_user","password":"T35t_P@55w0rd"}
/users/9a41dce5-9700-4d46-af1d-11b6016ce920 {} {}
/boards/5e99c3d3ce1fd8274d3ffa4a {} {}
/boards/5e99c3d3ce1fd8274d3ffa4a {} {}
/users {} {"name":"TEST_USER","login":"test_user","password":"T35t_P@55w0rd"}
/boards {} {"title":"Autotest board","columns":[{"title":"Backlog","order":1},{"title":"Sprint","order":2}]}
/boards {} {"title":"Autotest board","columns":[{"title":"Backlog","order":1},{"title":"Sprint","order":2}]}
/boards/5e99c3d5ce1fd8274d3ffa5b/tasks {} {"title":"Task #1","order":1,"description":"Lorem ipsum","userId":"75966193-a2f4-4300-b0bb-0b7999372357","boardId":"5e99c3d5ce1fd8274d3ffa5b"}
/boards/5e99c3d5ce1fd8274d3ffa5b/tasks {} {"title":"Task #2","order":2,"description":"Lorem ipsum","userId":"75966193-a2f4-4300-b0bb-0b7999372357","boardId":"5e99c3d5ce1fd8274d3ffa5b"}
/boards/5e99c3d5ce1fd8274d3ffa5e/tasks {} {"title":"Task #2","order":2,"description":"Lorem ipsum","boardId":"5e99c3d5ce1fd8274d3ffa5e","userId":null,"columnId":null}
/boards/5e99c3d5ce1fd8274d3ffa5e/tasks {} {"title":"Task #1","order":1,"description":"Lorem ipsum","boardId":"5e99c3d5ce1fd8274d3ffa5e","userId":null,"columnId":null}
/boards/5e99c3d5ce1fd8274d3ffa5e/tasks {} {"title":"Task #4","order":4,"description":"Lorem ipsum","boardId":"5e99c3d5ce1fd8274d3ffa5e","userId":null,"columnId":null}
/boards/5e99c3d5ce1fd8274d3ffa5e/tasks {} {"title":"Task #3","order":3,"description":"Lorem ipsum","boardId":"5e99c3d5ce1fd8274d3ffa5e","userId":null,"columnId":null}
/boards/5e99c3d5ce1fd8274d3ffa5e/tasks {} {"title":"Task #5","order":5,"description":"Lorem ipsum","boardId":"5e99c3d5ce1fd8274d3ffa5e","userId":null,"columnId":null}
/boards/5e99c3d5ce1fd8274d3ffa5e/tasks/5e99c3d5ce1fd8274d3ffa64 {} {}
/boards/5e99c3d5ce1fd8274d3ffa5e/tasks/5e99c3d5ce1fd8274d3ffa63 {} {}
/boards/5e99c3d5ce1fd8274d3ffa5e/tasks/5e99c3d5ce1fd8274d3ffa66 {} {}
/boards/5e99c3d5ce1fd8274d3ffa5e/tasks/5e99c3d5ce1fd8274d3ffa65 {} {}
/boards/5e99c3d5ce1fd8274d3ffa5e/tasks/5e99c3d5ce1fd8274d3ffa67 {} {}
/users/75966193-a2f4-4300-b0bb-0b7999372357 {} {}
/boards/5e99c3d5ce1fd8274d3ffa5b/tasks/5e99c3d5ce1fd8274d3ffa61 {} {}
/boards/5e99c3d5ce1fd8274d3ffa5b/tasks/5e99c3d5ce1fd8274d3ffa62 {} {}
/boards/5e99c3d5ce1fd8274d3ffa5e {} {}
/boards/5e99c3d5ce1fd8274d3ffa5b/tasks/5e99c3d5ce1fd8274d3ffa62 {} {}
/boards/5e99c3d5ce1fd8274d3ffa5b/tasks/5e99c3d5ce1fd8274d3ffa61 {} {}
/boards/5e99c3d5ce1fd8274d3ffa5e/tasks/5e99c3d5ce1fd8274d3ffa64 {} {}
/boards/5e99c3d5ce1fd8274d3ffa5e/tasks/5e99c3d5ce1fd8274d3ffa66 {} {}
/boards/5e99c3d5ce1fd8274d3ffa5e/tasks/5e99c3d5ce1fd8274d3ffa63 {} {}
/boards/5e99c3d5ce1fd8274d3ffa5e/tasks/5e99c3d5ce1fd8274d3ffa67 {} {}
/boards/5e99c3d5ce1fd8274d3ffa5e/tasks/5e99c3d5ce1fd8274d3ffa65 {} {}
/boards/5e99c3d5ce1fd8274d3ffa5b {} {}
